[2019-03-19 13:29:33] production.ERROR: No application encryption key has been specified. {"exception":"[object] (RuntimeException(code: 0): No application encryption key has been specified. at /home/igork/development/vms-v1.0/application/vendor/laravel/framework/src/Illuminate/Encryption/EncryptionServiceProvider.php:42)
[stacktrace]
#0 /home/igork/development/vms-v1.0/application/vendor/laravel/framework/src/Illuminate/Support/helpers.php(1038): Illuminate\\Encryption\\EncryptionServiceProvider->Illuminate\\Encryption\\{closure}('')
#1 /home/igork/development/vms-v1.0/application/vendor/laravel/framework/src/Illuminate/Encryption/EncryptionServiceProvider.php(46): tap('', Object(Closure))
#2 /home/igork/development/vms-v1.0/application/vendor/laravel/framework/src/Illuminate/Encryption/EncryptionServiceProvider.php(24): Illuminate\\Encryption\\EncryptionServiceProvider->key(Array)
#3 /home/igork/development/vms-v1.0/application/vendor/laravel/framework/src/Illuminate/Container/Container.php(749): Illuminate\\Encryption\\EncryptionServiceProvider->Illuminate\\Encryption\\{closure}(Object(Illuminate\\Foundation\\Application), Array)
#4 /home/igork/development/vms-v1.0/application/vendor/laravel/framework/src/Illuminate/Container/Container.php(631): Illuminate\\Container\\Container->build(Object(Closure))
#5 /home/igork/development/vms-v1.0/application/vendor/laravel/framework/src/Illuminate/Container/Container.php(586): Illuminate\\Container\\Container->resolve('encrypter', Array)
#6 /home/igork/development/vms-v1.0/application/vendor/laravel/framework/src/Illuminate/Foundation/Application.php(732): Illuminate\\Container\\Container->make('encrypter', Array)
#7 /home/igork/development/vms-v1.0/application/vendor/laravel/framework/src/Illuminate/Container/Container.php(885): Illuminate\\Foundation\\Application->make('encrypter')
#8 /home/igork/development/vms-v1.0/application/vendor/laravel/framework/src/Illuminate/Container/Container.php(813): Illuminate\\Container\\Container->resolveClass(Object(ReflectionParameter))
#9 /home/igork/development/vms-v1.0/application/vendor/laravel/framework/src/Illuminate/Container/Container.php(780): Illuminate\\Container\\Container->resolveDependencies(Array)
#10 /home/igork/development/vms-v1.0/application/vendor/laravel/framework/src/Illuminate/Container/Container.php(631): Illuminate\\Container\\Container->build('Illuminate\\\\Cook...')
#11 /home/igork/development/vms-v1.0/application/vendor/laravel/framework/src/Illuminate/Container/Container.php(586): Illuminate\\Container\\Container->resolve('Illuminate\\\\Cook...', Array)
#12 /home/igork/development/vms-v1.0/application/vendor/laravel/framework/src/Illuminate/Foundation/Application.php(732): Illuminate\\Container\\Container->make('Illuminate\\\\Cook...', Array)
#13 /home/igork/development/vms-v1.0/application/vendor/laravel/framework/src/Illuminate/Pipeline/Pipeline.php(138): Illuminate\\Foundation\\Application->make('Illuminate\\\\Cook...')
#14 /home/igork/development/vms-v1.0/application/vendor/laravel/framework/src/Illuminate/Routing/Pipeline.php(53): Illuminate\\Pipeline\\Pipeline->Illuminate\\Pipeline\\{closure}(Object(Illuminate\\Http\\Request))
#15 /home/igork/development/vms-v1.0/application/vendor/laravel/framework/src/Illuminate/Foundation/Http/Middleware/CheckForMaintenanceMode.php(46): Illuminate\\Routing\\Pipeline->Illuminate\\Routing\\{closure}(Object(Illuminate\\Http\\Request))
#16 /home/igork/development/vms-v1.0/application/vendor/laravel/framework/src/Illuminate/Pipeline/Pipeline.php(149): Illuminate\\Foundation\\Http\\Middleware\\CheckForMaintenanceMode->handle(Object(Illuminate\\Http\\Request), Object(Closure))
#17 /home/igork/development/vms-v1.0/application/vendor/laravel/framework/src/Illuminate/Routing/Pipeline.php(53): Illuminate\\Pipeline\\Pipeline->Illuminate\\Pipeline\\{closure}(Object(Illuminate\\Http\\Request))
#18 /home/igork/development/vms-v1.0/application/vendor/laravel/framework/src/Illuminate/Pipeline/Pipeline.php(102): Illuminate\\Routing\\Pipeline->Illuminate\\Routing\\{closure}(Object(Illuminate\\Http\\Request))
#19 /home/igork/development/vms-v1.0/application/vendor/laravel/framework/src/Illuminate/Foundation/Http/Kernel.php(151): Illuminate\\Pipeline\\Pipeline->then(Object(Closure))
#20 /home/igork/development/vms-v1.0/application/vendor/laravel/framework/src/Illuminate/Foundation/Http/Kernel.php(116): Illuminate\\Foundation\\Http\\Kernel->sendRequestThroughRouter(Object(Illuminate\\Http\\Request))
#21 /home/igork/development/vms-v1.0/application/vendor/laravel/framework/src/Illuminate/Foundation/Testing/Concerns/MakesHttpRequests.php(345): Illuminate\\Foundation\\Http\\Kernel->handle(Object(Illuminate\\Http\\Request))
#22 /home/igork/development/vms-v1.0/application/vendor/laravel/framework/src/Illuminate/Foundation/Testing/Concerns/MakesHttpRequests.php(168): Illuminate\\Foundation\\Testing\\TestCase->call('GET', '/api/v1/videos/...', Array, Array, Array, Array)
#23 /home/igork/development/vms-v1.0/application/tests/Feature/APIGetTest.php(14): Illuminate\\Foundation\\Testing\\TestCase->get('/api/v1/videos/...')
#24 phar:///home/igork/phpunit/phpunit/Framework/TestCase.php(1153): Tests\\Feature\\APIGetTest->testVideo()
#25 phar:///home/igork/phpunit/phpunit/Framework/TestCase.php(842): PHPUnit\\Framework\\TestCase->runTest()
#26 phar:///home/igork/phpunit/phpunit/Framework/TestResult.php(675): PHPUnit\\Framework\\TestCase->runBare()
#27 phar:///home/igork/phpunit/phpunit/Framework/TestCase.php(796): PHPUnit\\Framework\\TestResult->run(Object(Tests\\Feature\\APIGetTest))
#28 phar:///home/igork/phpunit/phpunit/Framework/TestSuite.php(746): PHPUnit\\Framework\\TestCase->run(Object(PHPUnit\\Framework\\TestResult))
#29 phar:///home/igork/phpunit/phpunit/Framework/TestSuite.php(746): PHPUnit\\Framework\\TestSuite->run(Object(PHPUnit\\Framework\\TestResult))
#30 phar:///home/igork/phpunit/phpunit/TextUI/TestRunner.php(629): PHPUnit\\Framework\\TestSuite->run(Object(PHPUnit\\Framework\\TestResult))
#31 phar:///home/igork/phpunit/phpunit/TextUI/Command.php(206): PHPUnit\\TextUI\\TestRunner->doRun(Object(PHPUnit\\Framework\\TestSuite), Array, true)
#32 phar:///home/igork/phpunit/phpunit/TextUI/Command.php(162): PHPUnit\\TextUI\\Command->run(Array, true)
#33 /home/igork/phpunit(614): PHPUnit\\TextUI\\Command::main()
#34 {main}
"} 
